2021-11-23T20:40:38+00:00 CRITICAL Uncaught Error: Class 'Vc_Current_User_Access_Controller' not found in C:\xampp\htdocs\south-surf\wp-content\plugins\js_composer\include\classes\core\access\class-vc-current-user-access.php:21
Stack trace:
#0 C:\xampp\htdocs\south-surf\wp-content\plugins\js_composer\include\autoload\vc-pages\page-design-options.php(21): Vc_Current_User_Access->part('settings')
#1 C:\xampp\htdocs\south-surf\wp-includes\class-wp-hook.php(292): vc_check_for_custom_css_build('')
#2 C:\xampp\htdocs\south-surf\wp-includes\class-wp-hook.php(316): WP_Hook->apply_filters(NULL, Array)
#3 C:\xampp\htdocs\south-surf\wp-includes\plugin.php(484): WP_Hook->do_action(Array)
#4 C:\xampp\htdocs\south-surf\wp-content\plugins\js_composer\include\classes\core\class-vc-manager.php(231): do_action('vc_before_init')
#5 C:\xampp\htdocs\south-surf\wp-includes\class-wp-hook.php(292): Vc_Manager->init('')
#6 C:\xampp\htdocs\south-surf\wp-includes\class-wp-hook.php(316): WP_Hook->apply_filters(NULL, Array)
#7 C:\xampp\htdocs\south-surf\wp-includes\plugin in C:\xampp\htdocs\south-surf\wp-content\plugins\js_composer\include\classes\core\access\class-vc-current-user-access.php on line 21

2021-11-23T20:40:49+00:00 CRITICAL Uncaught Error: Class 'Vc_Current_User_Access_Controller' not found in C:\xampp\htdocs\south-surf\wp-content\plugins\js_composer\include\classes\core\access\class-vc-current-user-access.php:21
Stack trace:
#0 C:\xampp\htdocs\south-surf\wp-content\plugins\js_composer\include\autoload\vc-pages\page-design-options.php(21): Vc_Current_User_Access->part('settings')
#1 C:\xampp\htdocs\south-surf\wp-includes\class-wp-hook.php(292): vc_check_for_custom_css_build('')
#2 C:\xampp\htdocs\south-surf\wp-includes\class-wp-hook.php(316): WP_Hook->apply_filters(NULL, Array)
#3 C:\xampp\htdocs\south-surf\wp-includes\plugin.php(484): WP_Hook->do_action(Array)
#4 C:\xampp\htdocs\south-surf\wp-content\plugins\js_composer\include\classes\core\class-vc-manager.php(231): do_action('vc_before_init')
#5 C:\xampp\htdocs\south-surf\wp-includes\class-wp-hook.php(292): Vc_Manager->init('')
#6 C:\xampp\htdocs\south-surf\wp-includes\class-wp-hook.php(316): WP_Hook->apply_filters(NULL, Array)
#7 C:\xampp\htdocs\south-surf\wp-includes\plugin in C:\xampp\htdocs\south-surf\wp-content\plugins\js_composer\include\classes\core\access\class-vc-current-user-access.php on line 21

2021-11-23T20:41:11+00:00 CRITICAL Uncaught Error: Class 'Vc_Current_User_Access_Controller' not found in C:\xampp\htdocs\south-surf\wp-content\plugins\js_composer\include\classes\core\access\class-vc-current-user-access.php:21
Stack trace:
#0 C:\xampp\htdocs\south-surf\wp-content\plugins\js_composer\include\autoload\vc-pages\page-design-options.php(21): Vc_Current_User_Access->part('settings')
#1 C:\xampp\htdocs\south-surf\wp-includes\class-wp-hook.php(292): vc_check_for_custom_css_build('')
#2 C:\xampp\htdocs\south-surf\wp-includes\class-wp-hook.php(316): WP_Hook->apply_filters(NULL, Array)
#3 C:\xampp\htdocs\south-surf\wp-includes\plugin.php(484): WP_Hook->do_action(Array)
#4 C:\xampp\htdocs\south-surf\wp-content\plugins\js_composer\include\classes\core\class-vc-manager.php(231): do_action('vc_before_init')
#5 C:\xampp\htdocs\south-surf\wp-includes\class-wp-hook.php(292): Vc_Manager->init('')
#6 C:\xampp\htdocs\south-surf\wp-includes\class-wp-hook.php(316): WP_Hook->apply_filters(NULL, Array)
#7 C:\xampp\htdocs\south-surf\wp-includes\plugin in C:\xampp\htdocs\south-surf\wp-content\plugins\js_composer\include\classes\core\access\class-vc-current-user-access.php on line 21

2021-11-23T20:41:21+00:00 CRITICAL Uncaught Error: Class 'Vc_Current_User_Access_Controller' not found in C:\xampp\htdocs\south-surf\wp-content\plugins\js_composer\include\classes\core\access\class-vc-current-user-access.php:21
Stack trace:
#0 C:\xampp\htdocs\south-surf\wp-content\plugins\js_composer\include\autoload\vc-pages\page-design-options.php(21): Vc_Current_User_Access->part('settings')
#1 C:\xampp\htdocs\south-surf\wp-includes\class-wp-hook.php(292): vc_check_for_custom_css_build('')
#2 C:\xampp\htdocs\south-surf\wp-includes\class-wp-hook.php(316): WP_Hook->apply_filters(NULL, Array)
#3 C:\xampp\htdocs\south-surf\wp-includes\plugin.php(484): WP_Hook->do_action(Array)
#4 C:\xampp\htdocs\south-surf\wp-content\plugins\js_composer\include\classes\core\class-vc-manager.php(231): do_action('vc_before_init')
#5 C:\xampp\htdocs\south-surf\wp-includes\class-wp-hook.php(292): Vc_Manager->init('')
#6 C:\xampp\htdocs\south-surf\wp-includes\class-wp-hook.php(316): WP_Hook->apply_filters(NULL, Array)
#7 C:\xampp\htdocs\south-surf\wp-includes\plugin in C:\xampp\htdocs\south-surf\wp-content\plugins\js_composer\include\classes\core\access\class-vc-current-user-access.php on line 21

2021-11-23T20:41:55+00:00 CRITICAL Uncaught Error: Class 'Vc_Current_User_Access_Controller' not found in C:\xampp\htdocs\south-surf\wp-content\plugins\js_composer\include\classes\core\access\class-vc-current-user-access.php:21
Stack trace:
#0 C:\xampp\htdocs\south-surf\wp-content\plugins\js_composer\include\autoload\vc-pages\page-design-options.php(21): Vc_Current_User_Access->part('settings')
#1 C:\xampp\htdocs\south-surf\wp-includes\class-wp-hook.php(292): vc_check_for_custom_css_build('')
#2 C:\xampp\htdocs\south-surf\wp-includes\class-wp-hook.php(316): WP_Hook->apply_filters(NULL, Array)
#3 C:\xampp\htdocs\south-surf\wp-includes\plugin.php(484): WP_Hook->do_action(Array)
#4 C:\xampp\htdocs\south-surf\wp-content\plugins\js_composer\include\classes\core\class-vc-manager.php(231): do_action('vc_before_init')
#5 C:\xampp\htdocs\south-surf\wp-includes\class-wp-hook.php(292): Vc_Manager->init('')
#6 C:\xampp\htdocs\south-surf\wp-includes\class-wp-hook.php(316): WP_Hook->apply_filters(NULL, Array)
#7 C:\xampp\htdocs\south-surf\wp-includes\plugin in C:\xampp\htdocs\south-surf\wp-content\plugins\js_composer\include\classes\core\access\class-vc-current-user-access.php on line 21

2021-11-23T20:42:12+00:00 CRITICAL Uncaught Error: Class 'Vc_Current_User_Access_Controller' not found in C:\xampp\htdocs\south-surf\wp-content\plugins\js_composer\include\classes\core\access\class-vc-current-user-access.php:21
Stack trace:
#0 C:\xampp\htdocs\south-surf\wp-content\plugins\js_composer\include\autoload\vc-pages\page-design-options.php(21): Vc_Current_User_Access->part('settings')
#1 C:\xampp\htdocs\south-surf\wp-includes\class-wp-hook.php(292): vc_check_for_custom_css_build('')
#2 C:\xampp\htdocs\south-surf\wp-includes\class-wp-hook.php(316): WP_Hook->apply_filters(NULL, Array)
#3 C:\xampp\htdocs\south-surf\wp-includes\plugin.php(484): WP_Hook->do_action(Array)
#4 C:\xampp\htdocs\south-surf\wp-content\plugins\js_composer\include\classes\core\class-vc-manager.php(231): do_action('vc_before_init')
#5 C:\xampp\htdocs\south-surf\wp-includes\class-wp-hook.php(292): Vc_Manager->init('')
#6 C:\xampp\htdocs\south-surf\wp-includes\class-wp-hook.php(316): WP_Hook->apply_filters(NULL, Array)
#7 C:\xampp\htdocs\south-surf\wp-includes\plugin in C:\xampp\htdocs\south-surf\wp-content\plugins\js_composer\include\classes\core\access\class-vc-current-user-access.php on line 21

2021-11-23T20:42:23+00:00 CRITICAL Uncaught Error: Class 'Vc_Current_User_Access_Controller' not found in C:\xampp\htdocs\south-surf\wp-content\plugins\js_composer\include\classes\core\access\class-vc-current-user-access.php:21
Stack trace:
#0 C:\xampp\htdocs\south-surf\wp-content\plugins\js_composer\include\autoload\vc-pages\page-design-options.php(21): Vc_Current_User_Access->part('settings')
#1 C:\xampp\htdocs\south-surf\wp-includes\class-wp-hook.php(292): vc_check_for_custom_css_build('')
#2 C:\xampp\htdocs\south-surf\wp-includes\class-wp-hook.php(316): WP_Hook->apply_filters(NULL, Array)
#3 C:\xampp\htdocs\south-surf\wp-includes\plugin.php(484): WP_Hook->do_action(Array)
#4 C:\xampp\htdocs\south-surf\wp-content\plugins\js_composer\include\classes\core\class-vc-manager.php(231): do_action('vc_before_init')
#5 C:\xampp\htdocs\south-surf\wp-includes\class-wp-hook.php(292): Vc_Manager->init('')
#6 C:\xampp\htdocs\south-surf\wp-includes\class-wp-hook.php(316): WP_Hook->apply_filters(NULL, Array)
#7 C:\xampp\htdocs\south-surf\wp-includes\plugin in C:\xampp\htdocs\south-surf\wp-content\plugins\js_composer\include\classes\core\access\class-vc-current-user-access.php on line 21

2021-11-23T20:44:13+00:00 CRITICAL Uncaught Error: Class 'Vc_Current_User_Access_Controller' not found in C:\xampp\htdocs\south-surf\wp-content\plugins\js_composer\include\classes\core\access\class-vc-current-user-access.php:21
Stack trace:
#0 C:\xampp\htdocs\south-surf\wp-content\plugins\js_composer\include\autoload\vc-pages\page-design-options.php(21): Vc_Current_User_Access->part('settings')
#1 C:\xampp\htdocs\south-surf\wp-includes\class-wp-hook.php(292): vc_check_for_custom_css_build('')
#2 C:\xampp\htdocs\south-surf\wp-includes\class-wp-hook.php(316): WP_Hook->apply_filters(NULL, Array)
#3 C:\xampp\htdocs\south-surf\wp-includes\plugin.php(484): WP_Hook->do_action(Array)
#4 C:\xampp\htdocs\south-surf\wp-content\plugins\js_composer\include\classes\core\class-vc-manager.php(231): do_action('vc_before_init')
#5 C:\xampp\htdocs\south-surf\wp-includes\class-wp-hook.php(292): Vc_Manager->init('')
#6 C:\xampp\htdocs\south-surf\wp-includes\class-wp-hook.php(316): WP_Hook->apply_filters(NULL, Array)
#7 C:\xampp\htdocs\south-surf\wp-includes\plugin in C:\xampp\htdocs\south-surf\wp-content\plugins\js_composer\include\classes\core\access\class-vc-current-user-access.php on line 21

2021-11-23T20:46:14+00:00 CRITICAL Uncaught Error: Class 'Vc_Current_User_Access_Controller' not found in C:\xampp\htdocs\south-surf\wp-content\plugins\js_composer\include\classes\core\access\class-vc-current-user-access.php:21
Stack trace:
#0 C:\xampp\htdocs\south-surf\wp-content\plugins\js_composer\include\autoload\vc-pages\page-design-options.php(21): Vc_Current_User_Access->part('settings')
#1 C:\xampp\htdocs\south-surf\wp-includes\class-wp-hook.php(292): vc_check_for_custom_css_build('')
#2 C:\xampp\htdocs\south-surf\wp-includes\class-wp-hook.php(316): WP_Hook->apply_filters(NULL, Array)
#3 C:\xampp\htdocs\south-surf\wp-includes\plugin.php(484): WP_Hook->do_action(Array)
#4 C:\xampp\htdocs\south-surf\wp-content\plugins\js_composer\include\classes\core\class-vc-manager.php(231): do_action('vc_before_init')
#5 C:\xampp\htdocs\south-surf\wp-includes\class-wp-hook.php(292): Vc_Manager->init('')
#6 C:\xampp\htdocs\south-surf\wp-includes\class-wp-hook.php(316): WP_Hook->apply_filters(NULL, Array)
#7 C:\xampp\htdocs\south-surf\wp-includes\plugin in C:\xampp\htdocs\south-surf\wp-content\plugins\js_composer\include\classes\core\access\class-vc-current-user-access.php on line 21

2021-11-23T20:48:15+00:00 CRITICAL Uncaught Error: Class 'Vc_Current_User_Access_Controller' not found in C:\xampp\htdocs\south-surf\wp-content\plugins\js_composer\include\classes\core\access\class-vc-current-user-access.php:21
Stack trace:
#0 C:\xampp\htdocs\south-surf\wp-content\plugins\js_composer\include\autoload\vc-pages\page-design-options.php(21): Vc_Current_User_Access->part('settings')
#1 C:\xampp\htdocs\south-surf\wp-includes\class-wp-hook.php(292): vc_check_for_custom_css_build('')
#2 C:\xampp\htdocs\south-surf\wp-includes\class-wp-hook.php(316): WP_Hook->apply_filters(NULL, Array)
#3 C:\xampp\htdocs\south-surf\wp-includes\plugin.php(484): WP_Hook->do_action(Array)
#4 C:\xampp\htdocs\south-surf\wp-content\plugins\js_composer\include\classes\core\class-vc-manager.php(231): do_action('vc_before_init')
#5 C:\xampp\htdocs\south-surf\wp-includes\class-wp-hook.php(292): Vc_Manager->init('')
#6 C:\xampp\htdocs\south-surf\wp-includes\class-wp-hook.php(316): WP_Hook->apply_filters(NULL, Array)
#7 C:\xampp\htdocs\south-surf\wp-includes\plugin in C:\xampp\htdocs\south-surf\wp-content\plugins\js_composer\include\classes\core\access\class-vc-current-user-access.php on line 21

